{"contracts/EcommerceStore.sol":{"l":{"34":1,"35":1,"44":2,"45":2,"49":2,"50":2,"51":2,"63":2,"64":2,"72":2,"73":2,"74":2,"76":2,"77":2,"78":2,"82":2,"86":4,"90":2,"94":2},"path":"/Users/theanht1/udacity/zastrin/ebay_on_ethereum/contracts/EcommerceStore.sol","s":{"1":1,"2":1,"3":2,"4":2,"5":2,"6":2,"7":2,"8":2,"9":2,"10":2,"11":2,"12":2,"13":2,"14":2,"15":2,"16":4,"17":2,"18":2},"b":{"1":[2,0],"2":[2,0]},"f":{"1":1,"2":2,"3":2,"4":2,"5":4,"6":2,"7":2},"fnMap":{"1":{"name":null,"line":33,"loc":{"start":{"line":33,"column":4},"end":{"line":33,"column":38}}},"2":{"name":"addProductToStore","line":39,"loc":{"start":{"line":39,"column":4},"end":{"line":43,"column":5}}},"3":{"name":"getProduct","line":58,"loc":{"start":{"line":58,"column":4},"end":{"line":62,"column":5}}},"4":{"name":"buy","line":71,"loc":{"start":{"line":71,"column":4},"end":{"line":71,"column":46}}},"5":{"name":"escrowInfo","line":85,"loc":{"start":{"line":85,"column":4},"end":{"line":85,"column":103}}},"6":{"name":"releaseAmountToSeller","line":89,"loc":{"start":{"line":89,"column":4},"end":{"line":89,"column":56}}},"7":{"name":"refundAmountToBuyer","line":93,"loc":{"start":{"line":93,"column":4},"end":{"line":93,"column":54}}}},"statementMap":{"1":{"start":{"line":34,"column":8},"end":{"line":34,"column":23}},"2":{"start":{"line":35,"column":8},"end":{"line":35,"column":25}},"3":{"start":{"line":45,"column":8},"end":{"line":45,"column":1104}},"4":{"start":{"line":49,"column":8},"end":{"line":49,"column":49}},"5":{"start":{"line":50,"column":8},"end":{"line":50,"column":50}},"6":{"start":{"line":51,"column":8},"end":{"line":51,"column":1401}},"7":{"start":{"line":63,"column":8},"end":{"line":63,"column":80}},"8":{"start":{"line":64,"column":8},"end":{"line":64,"column":1840}},"9":{"start":{"line":72,"column":8},"end":{"line":72,"column":80}},"10":{"start":{"line":73,"column":8},"end":{"line":73,"column":43}},"11":{"start":{"line":74,"column":8},"end":{"line":74,"column":42}},"12":{"start":{"line":76,"column":8},"end":{"line":76,"column":33}},"13":{"start":{"line":77,"column":8},"end":{"line":77,"column":65}},"14":{"start":{"line":78,"column":8},"end":{"line":78,"column":2397}},"15":{"start":{"line":82,"column":8},"end":{"line":82,"column":43}},"16":{"start":{"line":86,"column":8},"end":{"line":86,"column":63}},"17":{"start":{"line":90,"column":8},"end":{"line":90,"column":42}},"18":{"start":{"line":94,"column":8},"end":{"line":94,"column":42}}},"branchMap":{"1":{"line":73,"type":"if","locations":[{"start":{"line":73,"column":8},"end":{"line":73,"column":8}},{"start":{"line":73,"column":8},"end":{"line":73,"column":8}}]},"2":{"line":74,"type":"if","locations":[{"start":{"line":74,"column":8},"end":{"line":74,"column":8}},{"start":{"line":74,"column":8},"end":{"line":74,"column":8}}]}}},"contracts/Escrow.sol":{"l":{"20":2,"21":2,"22":2,"23":2,"24":2,"25":2,"26":2,"30":4,"31":4,"35":4,"39":2,"40":2,"41":2,"42":2,"45":2,"46":1,"47":1,"52":2,"53":2,"54":2,"55":2,"58":2,"59":1,"60":1},"path":"/Users/theanht1/udacity/zastrin/ebay_on_ethereum/contracts/Escrow.sol","s":{"1":2,"2":2,"3":2,"4":2,"5":2,"6":2,"7":2,"8":4,"9":4,"10":2,"11":2,"12":2,"13":2,"14":1,"15":2,"16":2,"17":2,"18":2,"19":1},"b":{"1":[4,0],"2":[2,0],"3":[2,0],"4":[1,1],"5":[2,0],"6":[2,0],"7":[1,1]},"f":{"1":2,"2":4,"3":4,"4":2,"5":2},"fnMap":{"1":{"name":null,"line":19,"loc":{"start":{"line":19,"column":4},"end":{"line":19,"column":96}}},"2":{"name":"onlyOwner","line":29,"loc":{"start":{"line":29,"column":4},"end":{"line":29,"column":22}}},"3":{"name":"escrowInfo","line":34,"loc":{"start":{"line":34,"column":4},"end":{"line":34,"column":88}}},"4":{"name":"releaseAmountToSeller","line":38,"loc":{"start":{"line":38,"column":4},"end":{"line":38,"column":65}}},"5":{"name":"refundAmountToBuyer","line":51,"loc":{"start":{"line":51,"column":4},"end":{"line":51,"column":63}}}},"statementMap":{"1":{"start":{"line":20,"column":8},"end":{"line":20,"column":29}},"2":{"start":{"line":21,"column":8},"end":{"line":21,"column":21}},"3":{"start":{"line":22,"column":8},"end":{"line":22,"column":23}},"4":{"start":{"line":23,"column":8},"end":{"line":23,"column":25}},"5":{"start":{"line":24,"column":8},"end":{"line":24,"column":25}},"6":{"start":{"line":25,"column":8},"end":{"line":25,"column":29}},"7":{"start":{"line":26,"column":8},"end":{"line":26,"column":25}},"8":{"start":{"line":30,"column":8},"end":{"line":30,"column":35}},"9":{"start":{"line":35,"column":8},"end":{"line":35,"column":82}},"10":{"start":{"line":39,"column":8},"end":{"line":39,"column":39}},"11":{"start":{"line":40,"column":8},"end":{"line":40,"column":1145}},"12":{"start":{"line":41,"column":12},"end":{"line":41,"column":39}},"13":{"start":{"line":45,"column":8},"end":{"line":45,"column":1334}},"14":{"start":{"line":47,"column":12},"end":{"line":47,"column":32}},"15":{"start":{"line":52,"column":8},"end":{"line":52,"column":39}},"16":{"start":{"line":53,"column":8},"end":{"line":53,"column":1566}},"17":{"start":{"line":54,"column":12},"end":{"line":54,"column":38}},"18":{"start":{"line":58,"column":8},"end":{"line":58,"column":1752}},"19":{"start":{"line":60,"column":12},"end":{"line":60,"column":32}}},"branchMap":{"1":{"line":30,"type":"if","locations":[{"start":{"line":30,"column":8},"end":{"line":30,"column":8}},{"start":{"line":30,"column":8},"end":{"line":30,"column":8}}]},"2":{"line":39,"type":"if","locations":[{"start":{"line":39,"column":8},"end":{"line":39,"column":8}},{"start":{"line":39,"column":8},"end":{"line":39,"column":8}}]},"3":{"line":40,"type":"if","locations":[{"start":{"line":40,"column":8},"end":{"line":40,"column":8}},{"start":{"line":40,"column":8},"end":{"line":40,"column":8}}]},"4":{"line":45,"type":"if","locations":[{"start":{"line":45,"column":8},"end":{"line":45,"column":8}},{"start":{"line":45,"column":8},"end":{"line":45,"column":8}}]},"5":{"line":52,"type":"if","locations":[{"start":{"line":52,"column":8},"end":{"line":52,"column":8}},{"start":{"line":52,"column":8},"end":{"line":52,"column":8}}]},"6":{"line":53,"type":"if","locations":[{"start":{"line":53,"column":8},"end":{"line":53,"column":8}},{"start":{"line":53,"column":8},"end":{"line":53,"column":8}}]},"7":{"line":58,"type":"if","locations":[{"start":{"line":58,"column":8},"end":{"line":58,"column":8}},{"start":{"line":58,"column":8},"end":{"line":58,"column":8}}]}}}}